    1  wget    https://s3.amazonaws.com/amazon-reviews-pds/tsv/amazon_reviews_us_Books_v1_02.tsv.gz
    2  ls
    3  gunzip amazon_reviews_us_Books_v1_02.tsv.gz
    4  grep 'verified' amazon_reviews_us_Books_v1_02.tsv.gz > verified.txt
    5  ls
    6  grep 'verified' amazon_reviews_us_Books_v1_02.tsv.gz > verified.txt
    7  grep 'verified' amazon_reviews_us_Books_v1_02.tsv > verified.txt
    8  cmdline amazon_reviews_us_Books_v1_02.tsv
    9  vi amazon_reviews_us_Books_v1_02.tsv
   10  ls
   11  grep 'verified' amazon_reviews_us_Books_v1_02.tsv > verified.txt
   12  grep -v 'verified' amazon_reviews_us_Books_v1_02.tsv > unverified.txt
   13  wc verified.txt > counts.txt
   14  wc unverified.txt >> counts.txt
   15  vi counts.txt
   16  history > cmds.log
   17  ls
   18  git status
   19  git init
   20  git status
   21  git add counts.txt
   22  git add cmds.log
   23  git status
   24  git commit -m "Worksheet2 commit"
   25  git config --global user.email "aidan.kormanik@sjsu.edu"
   26  git commit -m "Worksheet2 commit"
   27  git remote add origin https://github.com/apkormanik/Worksheet2.git
   28  git branch -M main
   29  git push -u origin main
   30  echo "# Worksheet2" >> README.md
   31  git init
   32  git add README.md
   33  git commit -m "first commit"
   34  git branch -M main
   35  git remote add origin https://github.com/apkormanik/Worksheet2.git
   36  git push -u origin ma
   37  clear
   38  git status
   39  ls
   40  git git commit -m "Your message about the commit"
   41  git commit -m "Worksheet 2 commit"
   42  git config --global user.name "Aidan Kormanik"
   43  git commit -m "Worksheet 2 commit"
   44  git remote add origin https://github.com/apkormanik/Worksheet2.git
   45  git branch -M main
   46  git push -u origin main
   47  ls
   48  cd
   49  pwd
   50  id -u
   51  echo $UID
   52  whoami
   53  groups
   54  id
   55  ls
   56  cd /proc
   57  ls
   58  cd
   59  cd /proc
   60  cd meminfo
   61  head meminfo
   62  tail cpuinfo
   63  cd
   64  ls
   65  ls -l amazon_reviews_us_Books_v1_02.tsv.gz.1
   66  cd
   67  pwd
   68  id -u
   69  whoami
   70  groups
   71  mkdir temp
   72  chmod -x temp
   73  cd temp
   74  ls temp
   75  ls -l temp
   76  mkdir test
   77  mv test temp
   78  mkdir test2
   79  mv test2 test
   80  cp test testcopy
   81  cp -avr test testcopy
   82  cd /proc
   83  ls
   84  head meminfo
   85  tail cpuinfo
   86  cd
   87  ls
   88  ls -l amazon_reviews_us_Books_v1_02.tsv.gz.1
   89  grep -c "great" amazon_reviews_us_Books_v1_02.tsv
   90  clear
   91  script a1.txt
   92  less at.txt
   93  less a1.txt
   94  vi a1.txt
   95  git init
   96  git status
   97  git add a1.txt
   98  git status
   99  git remote add origin https://github.com/apkormanik/a1.git
  100  git branch -M main
  101  git push -u origin main
  102  git commit -m "Commit for the a1.txt file"
  103  git remote add origin https://github.com/apkormanik/a1.git
  104  git branch -M main
  105  git push -u origin main
  106  git status
  107  git add a1.txt
  108  git status
  109  echo "# a1" >> README.md
  110  git init
  111  git add README.md
  112  git commit -m "first commit"
  113  git branch -M main
  114  git remote add origin https://github.com/apkormanik/a1.git
  115  git push -u origin main
  116  mkdir a1
  117  mv a1.txt a1
  118  ls
  119  cd a1
  120  ls
  121  git init
  122  git status
  123  git add a1.txt
  124  git commit -m "Commit for a1.txt file"
  125  git remote add origin https://github.com/apkormanik/a1.git
  126  git branch -M main
  127  git push -u origin main
  128  cd ws3
  129  cut -d " " -f 2 ../amazon_reviews_us_Books_v1_02.tsv > customerids.txt
  130  cut -d " " -f 4 ../amazon_reviews_us_Books_v1_02.tsv > productids.txt
  131  sort productids.txt | uniq -c | sort -nk1 --reverse | head
  132  head productids.txt
  133  head customerids.txt
  134  cut -d " " -f 2 ../amazon_reviews_us_Books_v1_02.tsv > customerids.txt
  135  wc *txt
  136  head customerids.txt
  137  cut -d " " -f 1 ../amazon_reviews_us_Books_v1_02.tsv > customerids.txt
  138  head customerids.txt
  139  cut -d " " -f 3 ../amazon_reviews_us_Books_v1_02.tsv > customerids.txt
  140  head customerids.txt
  141  head -n 1 ../amazon_reviews_us_Books_v1_02.tsv 
  142  cut -d " " -f 2 ../amazon_reviews_us_Books_v1_02.tsv > customerids.txt
  143  head customerids.txt
  144  ls -altr
  145  clear
  146  ls
  147  mkdir ws3
  148  cd ws3
  149  cd
  150  script ws3.txt
  151  ls
  152  cd ws3
  153  cd
  154  cd ws3
  155  ls
  156  head customerids.txt
  157  cd ls
  158  rmdir ws3.txt
  159  head -n 1 ../amazon_reviews_us_Books_v1_02.tsv
  160  cud -d " " -f 2 ../amazon_reviews_us_Books_v1_02.tsv > customerids.txt
  161  cut -d " " -f 2 ../amazon_reviews_us_Books_v1_02.tsv > customerids.txt
  162  head customerids.txt
  163  cut -d " " -f 2 ../amazon_reviews_us_Books_v1_02.tsv > customerids.txt
  164  cut -f 2 ../amazon_reviews_us_Books_v1_02.tsv > customerids.txt
  165  head customerids.txt
  166  claer
  167  cut -f 2 ../amazon_reviews_us_Books_v1_02.tsv > customerids.txt
  168  sort customerids.txt | uniq -c | sort -nk1 --reverse |head
  169  cut -f 4 ../amazon_reviews_us_Books_v1_02.tsv > productids.txt
  170  sort productids.txt | uniq -c | sort -nk1 --reverse | head
  171  cut -f 9 ../amazon_reviews_us_Books_v1_02.tsv > helpful.txt
  172  sort helpful.txt | uniq -c | sort -nk1 --reverse | head
  173  history > cmds.log
  174  clear
  175  ls
  176  del /f ws3.txt
  177  del ws3.txt
  178  rm ws3.txt
  179  ls
  180  cd ws3
  181  head productids.txt
  182  script ws3.txt
  183  clear
  184  ls
  185  rm ws3.txt
  186  clear
  187  script ws3.txt
  188  vi ws3.txt
  189  git init
  190  git status
  191  git add ws3.txt
  192  git add cmds.log
  193  git status
  194  git remote add origin https://github.com/apkormanik/ws3.git
  195  git branch -M main
  196  git push -u origin main
  197  git remote add origin https://github.com/apkormanik/ws3.git
  198  git push -u origin main
  199  git commit -m "Commit for ws3"
  200  git remote add origin https://github.com/apkormanik/ws3.git
  201  git branch -M main
  202  git push -u origin main
  203  vi cmds.log
  204  cd 
  205  vi cmds.log
  206  ls
  207  rm cmds.log
  208  cd ws3
  209  vi cmds.log
  210  rm cmds.log
  211  history > cmds.log
  212  vi cmds.log
  213  history
  214  mkdir CUSTOMERS
  215  mkdir PRODUCTS
  216  grep 50122160 ../amazon_reviews_us_Books_v1_02.tsv > CUSTOMERS/50122160.txt
  217  ls -altr CUSTOMERS/
  218  cd CUSTOMERS/
  219  cut -f 9 50122160.txt > 50122160.helpfulness.txt
  220  ls -latr
  221  count=0; total=0;
  222  for i in 'cat 50122160.helpfulness.txt' ; dototal=$(echo $total+$i | bc); ((count++)) ; done
  223  for i in 'cat 50122160.helpfulness.txt' ; do total=$(echo $total+$i | bc); ((count++)) ; done
  224  history | grep bc
  225  for i in 'cat 50122160.helpfulness.txt' ; do total=$(echo $total+$i | bc ); ((count++)) ; done
  226  (standard_in) 1: syntax error
  227  for i in 'cat 50122160.helpfulness.txt' ; do total=$(echo $total+$i | bc ); ((count++)) ; done
  228  (standard_in) 1: syntax error
  229  for i in 50122160.helpfulness.txt ; do total=$(echo $total+$i | bc ); ((count++)) ; done
  230  for i in 'cat 50122160.helpfulness.txt' ; do total=$(echo $total+$i | bc ); ((count++)) ; done;
  231  count=0; total=0; for i in 'cat 50122160.helpfulness.txt' ; do total=$(echo $total+$i | bc ); ((count++)) ; done
  232  count=0; total=0; for i in 'cat 50122160.helpfulness.txt' ; do total=$(echo $total+$i | bc ); ((count++)) ; done; echo "scale=2; $total / $count" | bc
  233  count=0; total=0; for i in 'cat 50122160.helpfulness.txt' ; do total=(echo total+i | bc ); ((count++)) ; done
  234  count=0; total=0; for i in 'cat 50122160.helpfulness.txt' ; do total=(echo total+i); ((count++)) ; done
  235  wc 50122160.helpfulness.txt
  236  echo total
  237  echo $total
  238  count=0;
  239  echo count
  240  echo $count
  241  count=0; total=0; for i in 'cat 50122160.helpfulness.txt' ; do total=(echo total+i); ((count++)) ; done
  242  echo$count
  243  echo $count
  244  count=0; total=0; for i in 'cat 50122160.helpfulness.txt' ; do total=(echo $total+$i | bc); (($count++)) ; done
  245  count=0; total=0; for i in 'cat 50122160.helpfulness.txt' ; do total=(echo $total+$i | bc ); (($count++)) ; done
  246  count = 0; total=0; for i in `cat 50122160.helpfulness.txt` ; do total=$(echo $total+$i | bc); ((count++)) ; done
  247  d
  248  clear
  249  no
  250  count=0; total=0; for i in `cat 50122160.helpfulness.txt` ; do total=$(echo $total+$i | bc); ((count++)) ; done
  251  echo $total
  252  echo "$total / $count" | bc
  253  echo "scale=2; $total / $count" | bc
  254  count=0; total=0; for i in `cat 50122160.helpfulness.txt` ; do total=$(echo $i-6.12 | bc ); ((count++)) ; done
  255  count=0; total=0; for i in `cat 50122160.helpfulness.txt` ; do total=$(echo $total+($i-6.12)^2 | bc ); ((count++)) ; done
  256  echo $total
  257  echo$count
  258  echo $count
  259  echo "scale=2; $total / $count" | bc
  260  clear
  261  ls
  262  mkdir WS4
  263  cd WS4
  264  script ws4.txt
  265  ls
  266  rm ws4.txt
  267  ls
  268  cd CUSTOMERS
  269  ls
  270  cd
  271  ls
  272  cd ws3
  273  ls
  274  head customerids.txt
  275  sort customerids.txt | uniq -c | sort -nk1 --reverse | head
  276  sort productids.txt | uniq -c | sort -nk1 --reverse | head
  277  clear
  278  cd
  279  cd WS4
  280  cd
  281  ls
  282  cd
  283  cd WS4
  284  clear
  285  script ws4.txt
  286  less ws4.txt
  287  mkdir CUSTOMERS
  288  mkdir PRODUCTS
  289  grep 49693975 ../amazon_reviews_us_Books_v1_02.tsv > CUSTOMERS/49693975.txt
  290  grep 50913245 ../amazon_reviews_us_Books_v1_02.tsv > CUSTOMERS/50913245.txt
  291  grep 45273033 ../amazon_reviews_us_Books_v1_02.tsv > CUSTOMERS/45273033.txt
  292  grep 0895260174 ../amazon_reviews_us_Books_v1_02.tsv > PRODUCTS/0895260174.txt
  293  grep 0439784549 ../amazon_reviews_us_Books_v1_02.tsv > PRODUCTS/0439784549.txt
  294  grep 1400050308 ../amazon_reviews_us_Books_v1_02.tsv > PRODUCTS/1400050308.txt
  295  cd CUSTOMERS
  296  cut -f 9 49693975.txt > 49693975.helpfulness.txt
  297  head 49693975.helpfulness.txt
  298  cut -f 9 50913245.txt > 50913245.helpfulness.txt
  299  cut -f 9 45273033.txt > 45273033.helpfulness.txt
  300  ls
  301  cd
  302  cd WS4/PRODUCTS
  303  cut -f 9 0895260174.txt > 0895260174.helpfulness.txt
  304  head 0895260174.helpfulness.txt
  305  cut -f 9 0439784549.txt > 0439784549.helpfulness.txt
  306  cut -f 9 1400050308.txt > 1400050308.helpfulness.txt
  307  cd
  308  cd WS4/CUSTOMERS
  309  count=0; total=0; for i in `cat 49693975.helpfulness.txt` ; do total=$(echo $total+$i | bc); ((count++)) ; done
  310  echo "scale=2; $total / $count" | bc
  311  count=0; total=0; for i in `cat 49693975.helpfulness.txt` ; do total=$(echo $total+($i-4.97)^2 | bc ); ((count++)) ; done
  312  echo "scale=2; $total / $count" | bc
  313  count=0; total=0; for i in `cat 50913245.helpfulness.txt` ; do total=$(echo $total+$i | bc); ((count++)) ; done
  314  echo "scale=2; $total / $count" | bc
  315  count=0; total=0; for i in `cat 50913245.helpfulness.txt` ; do total=$(echo $total+($i-11.38)^2 | bc ); ((count++)) ; done
  316  echo "scale=2; $total / $count" | bc
  317  count=0; total=0; for i in `cat 45273033.helpfulness.txt` ; do total=$(echo $total+$i | bc); ((count++)) ; done
  318  echo "scale=2; $total / $count" | bc
  319  count=0; total=0; for i in `cat 45273033.helpfulness.txt` ; do total=$(echo $total+($i-6.38)^2 | bc ); ((count++)) ; done
  320  echo "scale=2; $total / $count" | bc
  321  cd
  322  cd WS4/PRODUCTS
  323  count=0; total=0; for i in `cat 0895260174.helpfulness.txt` ; do total=$(echo $total+$i | bc); ((count++)) ; done
  324  echo "scale=2; $total / $count" | bc
  325  count=0; total=0; for i in `cat 0895260174.helpfulness.txt` ; do total=$(echo $total+($I-28.98)^2 | bc ); ((count++)) ; done
  326  echo "scale=2; $total / $count" | bc
  327  count=0; total=0; for i in `cat 0439784549.helpfulness.txt` ; do total=$(echo $total+$i | bc); ((count++)) ; done
  328  echo "scale=2; $total / $count" | bc
  329  count=0; total=0; for i in `cat 0439784549.helpfulness.txt` ; do total=$(echo $total+($I-5.83)^2 | bc ); ((count++)) ; done
  330  echo "scale=2; $total / $count" | bc
  331  count=0; total=0; for i in `cat 1400050308.helpfulness.txt` ; do total=$(echo $total+$i | bc); ((count++)) ; done
  332  echo "scale=2; $total / $count" | bc
  333  count=0; total=0; for i in `cat 1400050308.helpfulness.txt` ; do total=$(echo $total+($I-13.04)^2 | bc ); ((count++)) ; done
  334  echo "scale=2; $total / $count" | bc
  335  cd
  336  cd WS4
  337  history > cmds.log
